{"C:\\Users\\sukan\\Documents\\Sukanya Projects\\expensify_app\\src\\actions\\expensesActions.js": {"path":"C:\\Users\\sukan\\Documents\\Sukanya Projects\\expensify_app\\src\\actions\\expensesActions.js","statementMap":{"0":{"start":{"line":4,"column":26},"end":{"line":20,"column":2}},"1":{"start":{"line":11,"column":6},"end":{"line":20,"column":1}},"2":{"start":{"line":22,"column":29},"end":{"line":25,"column":2}},"3":{"start":{"line":22,"column":38},"end":{"line":25,"column":1}},"4":{"start":{"line":29,"column":27},"end":{"line":35,"column":2}},"5":{"start":{"line":29,"column":45},"end":{"line":35,"column":1}}},"fnMap":{"0":{"name":"(anonymous_0)","decl":{"start":{"line":4,"column":26},"end":{"line":4,"column":27}},"loc":{"start":{"line":11,"column":6},"end":{"line":20,"column":1}},"line":11},"1":{"name":"(anonymous_1)","decl":{"start":{"line":22,"column":29},"end":{"line":22,"column":30}},"loc":{"start":{"line":22,"column":38},"end":{"line":25,"column":1}},"line":22},"2":{"name":"(anonymous_2)","decl":{"start":{"line":29,"column":27},"end":{"line":29,"column":28}},"loc":{"start":{"line":29,"column":45},"end":{"line":35,"column":1}},"line":29}},"branchMap":{"0":{"loc":{"start":{"line":5,"column":4},"end":{"line":10,"column":10}},"type":"default-arg","locations":[{"start":{"line":10,"column":8},"end":{"line":10,"column":10}}],"line":5},"1":{"loc":{"start":{"line":6,"column":8},"end":{"line":6,"column":24}},"type":"default-arg","locations":[{"start":{"line":6,"column":22},"end":{"line":6,"column":24}}],"line":6},"2":{"loc":{"start":{"line":7,"column":8},"end":{"line":7,"column":17}},"type":"default-arg","locations":[{"start":{"line":7,"column":15},"end":{"line":7,"column":17}}],"line":7},"3":{"loc":{"start":{"line":8,"column":8},"end":{"line":8,"column":18}},"type":"default-arg","locations":[{"start":{"line":8,"column":17},"end":{"line":8,"column":18}}],"line":8},"4":{"loc":{"start":{"line":9,"column":8},"end":{"line":9,"column":21}},"type":"default-arg","locations":[{"start":{"line":9,"column":20},"end":{"line":9,"column":21}}],"line":9}},"s":{"0":3,"1":2,"2":3,"3":1,"4":3,"5":1},"f":{"0":2,"1":1,"2":1},"b":{"0":[1],"1":[1],"2":[2],"3":[1],"4":[1]},"_coverageSchema":"332fd63041d2c1bcb487cc26dd0d5f7d97098a6c","hash":"9e64f10a243ed97af824965b244a616c671fe488"}
,"C:\\Users\\sukan\\Documents\\Sukanya Projects\\expensify_app\\src\\actions\\filtersActions.js": {"path":"C:\\Users\\sukan\\Documents\\Sukanya Projects\\expensify_app\\src\\actions\\filtersActions.js","statementMap":{"0":{"start":{"line":2,"column":29},"end":{"line":5,"column":2}},"1":{"start":{"line":2,"column":45},"end":{"line":5,"column":1}},"2":{"start":{"line":7,"column":26},"end":{"line":9,"column":2}},"3":{"start":{"line":7,"column":33},"end":{"line":9,"column":1}},"4":{"start":{"line":11,"column":28},"end":{"line":13,"column":2}},"5":{"start":{"line":11,"column":35},"end":{"line":13,"column":1}},"6":{"start":{"line":15,"column":28},"end":{"line":18,"column":2}},"7":{"start":{"line":15,"column":39},"end":{"line":18,"column":1}},"8":{"start":{"line":20,"column":26},"end":{"line":23,"column":2}},"9":{"start":{"line":20,"column":37},"end":{"line":23,"column":1}}},"fnMap":{"0":{"name":"(anonymous_0)","decl":{"start":{"line":2,"column":29},"end":{"line":2,"column":30}},"loc":{"start":{"line":2,"column":45},"end":{"line":5,"column":1}},"line":2},"1":{"name":"(anonymous_1)","decl":{"start":{"line":7,"column":26},"end":{"line":7,"column":27}},"loc":{"start":{"line":7,"column":33},"end":{"line":9,"column":1}},"line":7},"2":{"name":"(anonymous_2)","decl":{"start":{"line":11,"column":28},"end":{"line":11,"column":29}},"loc":{"start":{"line":11,"column":35},"end":{"line":13,"column":1}},"line":11},"3":{"name":"(anonymous_3)","decl":{"start":{"line":15,"column":28},"end":{"line":15,"column":29}},"loc":{"start":{"line":15,"column":39},"end":{"line":18,"column":1}},"line":15},"4":{"name":"(anonymous_4)","decl":{"start":{"line":20,"column":26},"end":{"line":20,"column":27}},"loc":{"start":{"line":20,"column":37},"end":{"line":23,"column":1}},"line":20}},"branchMap":{"0":{"loc":{"start":{"line":2,"column":30},"end":{"line":2,"column":39}},"type":"default-arg","locations":[{"start":{"line":2,"column":37},"end":{"line":2,"column":39}}],"line":2}},"s":{"0":3,"1":2,"2":3,"3":1,"4":3,"5":1,"6":3,"7":1,"8":3,"9":1},"f":{"0":2,"1":1,"2":1,"3":1,"4":1},"b":{"0":[1]},"_coverageSchema":"332fd63041d2c1bcb487cc26dd0d5f7d97098a6c","hash":"e33b6d5c254098cb59f29b726c16cbbd90c6763e"}
,"C:\\Users\\sukan\\Documents\\Sukanya Projects\\expensify_app\\src\\components\\AddExpensePage.js": {"path":"C:\\Users\\sukan\\Documents\\Sukanya Projects\\expensify_app\\src\\components\\AddExpensePage.js","statementMap":{"0":{"start":{"line":9,"column":8},"end":{"line":9,"column":38}},"1":{"start":{"line":10,"column":8},"end":{"line":10,"column":36}},"2":{"start":{"line":13,"column":8},"end":{"line":18,"column":9}},"3":{"start":{"line":24,"column":27},"end":{"line":26,"column":2}},"4":{"start":{"line":24,"column":42},"end":{"line":26,"column":1}},"5":{"start":{"line":25,"column":29},"end":{"line":25,"column":65}}},"fnMap":{"0":{"name":"(anonymous_0)","decl":{"start":{"line":8,"column":15},"end":{"line":8,"column":16}},"loc":{"start":{"line":8,"column":28},"end":{"line":11,"column":5}},"line":8},"1":{"name":"(anonymous_1)","decl":{"start":{"line":12,"column":4},"end":{"line":12,"column":5}},"loc":{"start":{"line":12,"column":13},"end":{"line":19,"column":5}},"line":12},"2":{"name":"(anonymous_2)","decl":{"start":{"line":24,"column":27},"end":{"line":24,"column":28}},"loc":{"start":{"line":24,"column":42},"end":{"line":26,"column":1}},"line":24},"3":{"name":"(anonymous_3)","decl":{"start":{"line":25,"column":16},"end":{"line":25,"column":17}},"loc":{"start":{"line":25,"column":29},"end":{"line":25,"column":65}},"line":25}},"branchMap":{},"s":{"0":1,"1":1,"2":2,"3":1,"4":0,"5":0},"f":{"0":1,"1":2,"2":0,"3":0},"b":{},"_coverageSchema":"332fd63041d2c1bcb487cc26dd0d5f7d97098a6c","hash":"38dd4d7004ff8b5613b97a0b2289555c96f12987"}
,"C:\\Users\\sukan\\Documents\\Sukanya Projects\\expensify_app\\src\\components\\EditExpensePage.js": {"path":"C:\\Users\\sukan\\Documents\\Sukanya Projects\\expensify_app\\src\\components\\EditExpensePage.js","statementMap":{"0":{"start":{"line":9,"column":8},"end":{"line":9,"column":55}},"1":{"start":{"line":10,"column":8},"end":{"line":10,"column":36}},"2":{"start":{"line":13,"column":8},"end":{"line":13,"column":62}},"3":{"start":{"line":14,"column":8},"end":{"line":14,"column":36}},"4":{"start":{"line":17,"column":8},"end":{"line":28,"column":9}},"5":{"start":{"line":32,"column":24},"end":{"line":36,"column":1}},"6":{"start":{"line":33,"column":4},"end":{"line":35,"column":5}},"7":{"start":{"line":34,"column":52},"end":{"line":34,"column":88}},"8":{"start":{"line":38,"column":27},"end":{"line":41,"column":2}},"9":{"start":{"line":38,"column":42},"end":{"line":41,"column":1}},"10":{"start":{"line":39,"column":34},"end":{"line":39,"column":68}},"11":{"start":{"line":40,"column":27},"end":{"line":40,"column":54}}},"fnMap":{"0":{"name":"(anonymous_0)","decl":{"start":{"line":8,"column":26},"end":{"line":8,"column":27}},"loc":{"start":{"line":8,"column":32},"end":{"line":11,"column":5}},"line":8},"1":{"name":"(anonymous_1)","decl":{"start":{"line":12,"column":15},"end":{"line":12,"column":16}},"loc":{"start":{"line":12,"column":28},"end":{"line":15,"column":5}},"line":12},"2":{"name":"(anonymous_2)","decl":{"start":{"line":16,"column":4},"end":{"line":16,"column":5}},"loc":{"start":{"line":16,"column":13},"end":{"line":29,"column":5}},"line":16},"3":{"name":"(anonymous_3)","decl":{"start":{"line":32,"column":24},"end":{"line":32,"column":25}},"loc":{"start":{"line":32,"column":42},"end":{"line":36,"column":1}},"line":32},"4":{"name":"(anonymous_4)","decl":{"start":{"line":34,"column":39},"end":{"line":34,"column":40}},"loc":{"start":{"line":34,"column":52},"end":{"line":34,"column":88}},"line":34},"5":{"name":"(anonymous_5)","decl":{"start":{"line":38,"column":27},"end":{"line":38,"column":28}},"loc":{"start":{"line":38,"column":42},"end":{"line":41,"column":1}},"line":38},"6":{"name":"(anonymous_6)","decl":{"start":{"line":39,"column":17},"end":{"line":39,"column":18}},"loc":{"start":{"line":39,"column":34},"end":{"line":39,"column":68}},"line":39},"7":{"name":"(anonymous_7)","decl":{"start":{"line":40,"column":19},"end":{"line":40,"column":20}},"loc":{"start":{"line":40,"column":27},"end":{"line":40,"column":54}},"line":40}},"branchMap":{},"s":{"0":1,"1":1,"2":1,"3":1,"4":3,"5":1,"6":0,"7":0,"8":1,"9":0,"10":0,"11":0},"f":{"0":1,"1":1,"2":3,"3":0,"4":0,"5":0,"6":0,"7":0},"b":{},"_coverageSchema":"332fd63041d2c1bcb487cc26dd0d5f7d97098a6c","hash":"e2a88f6270ad6b3884bac86df129290633e60f2a"}
,"C:\\Users\\sukan\\Documents\\Sukanya Projects\\expensify_app\\src\\components\\ExpenseDashboardPage.js": {"path":"C:\\Users\\sukan\\Documents\\Sukanya Projects\\expensify_app\\src\\components\\ExpenseDashboardPage.js","statementMap":{"0":{"start":{"line":6,"column":29},"end":{"line":11,"column":1}},"1":{"start":{"line":7,"column":4},"end":{"line":10,"column":10}}},"fnMap":{"0":{"name":"(anonymous_0)","decl":{"start":{"line":6,"column":29},"end":{"line":6,"column":30}},"loc":{"start":{"line":7,"column":4},"end":{"line":10,"column":10}},"line":7}},"branchMap":{},"s":{"0":1,"1":1},"f":{"0":1},"b":{},"_coverageSchema":"332fd63041d2c1bcb487cc26dd0d5f7d97098a6c","hash":"821ad4eab1c2e5672fcee9ccd1464db5251cf546"}
,"C:\\Users\\sukan\\Documents\\Sukanya Projects\\expensify_app\\src\\components\\ExpenseList.js": {"path":"C:\\Users\\sukan\\Documents\\Sukanya Projects\\expensify_app\\src\\components\\ExpenseList.js","statementMap":{"0":{"start":{"line":6,"column":27},"end":{"line":16,"column":1}},"1":{"start":{"line":7,"column":4},"end":{"line":15,"column":5}},"2":{"start":{"line":11,"column":16},"end":{"line":11,"column":77}},"3":{"start":{"line":18,"column":24},"end":{"line":22,"column":1}},"4":{"start":{"line":19,"column":4},"end":{"line":21,"column":5}}},"fnMap":{"0":{"name":"(anonymous_0)","decl":{"start":{"line":6,"column":27},"end":{"line":6,"column":28}},"loc":{"start":{"line":6,"column":38},"end":{"line":16,"column":1}},"line":6},"1":{"name":"(anonymous_1)","decl":{"start":{"line":10,"column":80},"end":{"line":10,"column":81}},"loc":{"start":{"line":10,"column":105},"end":{"line":12,"column":13}},"line":10},"2":{"name":"(anonymous_2)","decl":{"start":{"line":18,"column":24},"end":{"line":18,"column":25}},"loc":{"start":{"line":18,"column":35},"end":{"line":22,"column":1}},"line":18}},"branchMap":{"0":{"loc":{"start":{"line":10,"column":13},"end":{"line":12,"column":14}},"type":"cond-expr","locations":[{"start":{"line":10,"column":41},"end":{"line":10,"column":58}},{"start":{"line":10,"column":61},"end":{"line":12,"column":14}}],"line":10}},"s":{"0":2,"1":2,"2":10,"3":2,"4":0},"f":{"0":2,"1":10,"2":0},"b":{"0":[0,2]},"_coverageSchema":"332fd63041d2c1bcb487cc26dd0d5f7d97098a6c","hash":"282d72fb57b5e53e75a8c8edb7283bafeccfd75f"}
,"C:\\Users\\sukan\\Documents\\Sukanya Projects\\expensify_app\\src\\components\\ExpenseListFilter.js": {"path":"C:\\Users\\sukan\\Documents\\Sukanya Projects\\expensify_app\\src\\components\\ExpenseListFilter.js","statementMap":{"0":{"start":{"line":7,"column":33},"end":{"line":41,"column":1}},"1":{"start":{"line":8,"column":50},"end":{"line":8,"column":64}},"2":{"start":{"line":9,"column":31},"end":{"line":11,"column":5}},"3":{"start":{"line":10,"column":8},"end":{"line":10,"column":43}},"4":{"start":{"line":13,"column":31},"end":{"line":15,"column":5}},"5":{"start":{"line":14,"column":8},"end":{"line":14,"column":79}},"6":{"start":{"line":16,"column":26},"end":{"line":19,"column":5}},"7":{"start":{"line":17,"column":8},"end":{"line":17,"column":37}},"8":{"start":{"line":18,"column":8},"end":{"line":18,"column":33}},"9":{"start":{"line":20,"column":4},"end":{"line":40,"column":5}},"10":{"start":{"line":34,"column":44},"end":{"line":34,"column":71}},"11":{"start":{"line":35,"column":38},"end":{"line":35,"column":43}},"12":{"start":{"line":45,"column":24},"end":{"line":49,"column":1}},"13":{"start":{"line":46,"column":4},"end":{"line":48,"column":5}},"14":{"start":{"line":51,"column":27},"end":{"line":59,"column":1}},"15":{"start":{"line":52,"column":4},"end":{"line":58,"column":5}},"16":{"start":{"line":53,"column":34},"end":{"line":53,"column":63}},"17":{"start":{"line":54,"column":27},"end":{"line":54,"column":49}},"18":{"start":{"line":55,"column":28},"end":{"line":55,"column":52}},"19":{"start":{"line":56,"column":38},"end":{"line":56,"column":71}},"20":{"start":{"line":57,"column":34},"end":{"line":57,"column":63}}},"fnMap":{"0":{"name":"(anonymous_0)","decl":{"start":{"line":7,"column":33},"end":{"line":7,"column":34}},"loc":{"start":{"line":7,"column":44},"end":{"line":41,"column":1}},"line":7},"1":{"name":"(anonymous_1)","decl":{"start":{"line":9,"column":31},"end":{"line":9,"column":32}},"loc":{"start":{"line":9,"column":38},"end":{"line":11,"column":5}},"line":9},"2":{"name":"(anonymous_2)","decl":{"start":{"line":13,"column":31},"end":{"line":13,"column":32}},"loc":{"start":{"line":13,"column":38},"end":{"line":15,"column":5}},"line":13},"3":{"name":"(anonymous_3)","decl":{"start":{"line":16,"column":26},"end":{"line":16,"column":27}},"loc":{"start":{"line":16,"column":54},"end":{"line":19,"column":5}},"line":16},"4":{"name":"(anonymous_4)","decl":{"start":{"line":34,"column":31},"end":{"line":34,"column":32}},"loc":{"start":{"line":34,"column":44},"end":{"line":34,"column":71}},"line":34},"5":{"name":"(anonymous_5)","decl":{"start":{"line":35,"column":32},"end":{"line":35,"column":33}},"loc":{"start":{"line":35,"column":38},"end":{"line":35,"column":43}},"line":35},"6":{"name":"(anonymous_6)","decl":{"start":{"line":45,"column":24},"end":{"line":45,"column":25}},"loc":{"start":{"line":45,"column":35},"end":{"line":49,"column":1}},"line":45},"7":{"name":"(anonymous_7)","decl":{"start":{"line":51,"column":27},"end":{"line":51,"column":28}},"loc":{"start":{"line":51,"column":41},"end":{"line":59,"column":1}},"line":51},"8":{"name":"(anonymous_8)","decl":{"start":{"line":53,"column":24},"end":{"line":53,"column":25}},"loc":{"start":{"line":53,"column":34},"end":{"line":53,"column":63}},"line":53},"9":{"name":"(anonymous_9)","decl":{"start":{"line":54,"column":21},"end":{"line":54,"column":22}},"loc":{"start":{"line":54,"column":27},"end":{"line":54,"column":49}},"line":54},"10":{"name":"(anonymous_10)","decl":{"start":{"line":55,"column":22},"end":{"line":55,"column":23}},"loc":{"start":{"line":55,"column":28},"end":{"line":55,"column":52}},"line":55},"11":{"name":"(anonymous_11)","decl":{"start":{"line":56,"column":23},"end":{"line":56,"column":24}},"loc":{"start":{"line":56,"column":38},"end":{"line":56,"column":71}},"line":56},"12":{"name":"(anonymous_12)","decl":{"start":{"line":57,"column":21},"end":{"line":57,"column":22}},"loc":{"start":{"line":57,"column":34},"end":{"line":57,"column":63}},"line":57}},"branchMap":{"0":{"loc":{"start":{"line":14,"column":8},"end":{"line":14,"column":79}},"type":"cond-expr","locations":[{"start":{"line":14,"column":38},"end":{"line":14,"column":56}},{"start":{"line":14,"column":59},"end":{"line":14,"column":79}}],"line":14}},"s":{"0":2,"1":10,"2":10,"3":1,"4":10,"5":2,"6":10,"7":1,"8":1,"9":10,"10":1,"11":1,"12":2,"13":0,"14":2,"15":0,"16":0,"17":0,"18":0,"19":0,"20":0},"f":{"0":10,"1":1,"2":2,"3":1,"4":1,"5":1,"6":0,"7":0,"8":0,"9":0,"10":0,"11":0,"12":0},"b":{"0":[1,1]},"_coverageSchema":"332fd63041d2c1bcb487cc26dd0d5f7d97098a6c","hash":"8d0ca6d60ec962b3ace4d2eca4813ac0d5571a40"}
,"C:\\Users\\sukan\\Documents\\Sukanya Projects\\expensify_app\\src\\components\\ExpenseListItem.js": {"path":"C:\\Users\\sukan\\Documents\\Sukanya Projects\\expensify_app\\src\\components\\ExpenseListItem.js","statementMap":{"0":{"start":{"line":4,"column":24},"end":{"line":15,"column":1}},"1":{"start":{"line":5,"column":51},"end":{"line":5,"column":64}},"2":{"start":{"line":7,"column":4},"end":{"line":14,"column":5}}},"fnMap":{"0":{"name":"(anonymous_0)","decl":{"start":{"line":4,"column":24},"end":{"line":4,"column":25}},"loc":{"start":{"line":4,"column":35},"end":{"line":15,"column":1}},"line":4}},"branchMap":{},"s":{"0":3,"1":1,"2":1},"f":{"0":1},"b":{},"_coverageSchema":"332fd63041d2c1bcb487cc26dd0d5f7d97098a6c","hash":"148c52df22cc912053c8cde3809380602807fe57"}
,"C:\\Users\\sukan\\Documents\\Sukanya Projects\\expensify_app\\src\\components\\Header.js": {"path":"C:\\Users\\sukan\\Documents\\Sukanya Projects\\expensify_app\\src\\components\\Header.js","statementMap":{"0":{"start":{"line":5,"column":15},"end":{"line":14,"column":1}},"1":{"start":{"line":6,"column":4},"end":{"line":12,"column":10}}},"fnMap":{"0":{"name":"(anonymous_0)","decl":{"start":{"line":5,"column":15},"end":{"line":5,"column":16}},"loc":{"start":{"line":6,"column":4},"end":{"line":12,"column":10}},"line":6}},"branchMap":{},"s":{"0":1,"1":1},"f":{"0":1},"b":{},"_coverageSchema":"332fd63041d2c1bcb487cc26dd0d5f7d97098a6c","hash":"3205fe6916d3663a6ab5ae49659ac3676cd05d4b"}
,"C:\\Users\\sukan\\Documents\\Sukanya Projects\\expensify_app\\src\\components\\NotFound.js": {"path":"C:\\Users\\sukan\\Documents\\Sukanya Projects\\expensify_app\\src\\components\\NotFound.js","statementMap":{"0":{"start":{"line":4,"column":21},"end":{"line":6,"column":1}},"1":{"start":{"line":5,"column":4},"end":{"line":5,"column":62}}},"fnMap":{"0":{"name":"(anonymous_0)","decl":{"start":{"line":4,"column":21},"end":{"line":4,"column":22}},"loc":{"start":{"line":5,"column":4},"end":{"line":5,"column":62}},"line":5}},"branchMap":{},"s":{"0":1,"1":1},"f":{"0":1},"b":{},"_coverageSchema":"332fd63041d2c1bcb487cc26dd0d5f7d97098a6c","hash":"d8509d8cb485792f11d2cb8feeb2f7920a0b05c2"}
,"C:\\Users\\sukan\\Documents\\Sukanya Projects\\expensify_app\\src\\components\\expenseForm.js": {"path":"C:\\Users\\sukan\\Documents\\Sukanya Projects\\expensify_app\\src\\components\\expenseForm.js","statementMap":{"0":{"start":{"line":8,"column":8},"end":{"line":8,"column":20}},"1":{"start":{"line":9,"column":8},"end":{"line":16,"column":9}},"2":{"start":{"line":22,"column":32},"end":{"line":22,"column":40}},"3":{"start":{"line":23,"column":8},"end":{"line":26,"column":45}},"4":{"start":{"line":24,"column":12},"end":{"line":24,"column":95}},"5":{"start":{"line":24,"column":63},"end":{"line":24,"column":95}},"6":{"start":{"line":26,"column":13},"end":{"line":26,"column":45}},"7":{"start":{"line":30,"column":8},"end":{"line":30,"column":51}},"8":{"start":{"line":30,"column":23},"end":{"line":30,"column":51}},"9":{"start":{"line":34,"column":57},"end":{"line":34,"column":67}},"10":{"start":{"line":35,"column":8},"end":{"line":35,"column":27}},"11":{"start":{"line":36,"column":8},"end":{"line":45,"column":9}},"12":{"start":{"line":36,"column":37},"end":{"line":36,"column":102}},"13":{"start":{"line":38,"column":12},"end":{"line":38,"column":40}},"14":{"start":{"line":39,"column":12},"end":{"line":44,"column":14}},"15":{"start":{"line":49,"column":8},"end":{"line":49,"column":51}},"16":{"start":{"line":55,"column":8},"end":{"line":99,"column":9}},"17":{"start":{"line":89,"column":53},"end":{"line":89,"column":58}}},"fnMap":{"0":{"name":"(anonymous_0)","decl":{"start":{"line":7,"column":4},"end":{"line":7,"column":5}},"loc":{"start":{"line":7,"column":23},"end":{"line":17,"column":5}},"line":7},"1":{"name":"(anonymous_1)","decl":{"start":{"line":21,"column":24},"end":{"line":21,"column":25}},"loc":{"start":{"line":21,"column":31},"end":{"line":27,"column":5}},"line":21},"2":{"name":"(anonymous_2)","decl":{"start":{"line":29,"column":23},"end":{"line":29,"column":24}},"loc":{"start":{"line":29,"column":38},"end":{"line":31,"column":5}},"line":29},"3":{"name":"(anonymous_3)","decl":{"start":{"line":33,"column":15},"end":{"line":33,"column":16}},"loc":{"start":{"line":33,"column":22},"end":{"line":46,"column":5}},"line":33},"4":{"name":"(anonymous_4)","decl":{"start":{"line":48,"column":24},"end":{"line":48,"column":25}},"loc":{"start":{"line":48,"column":41},"end":{"line":50,"column":5}},"line":48},"5":{"name":"(anonymous_5)","decl":{"start":{"line":53,"column":4},"end":{"line":53,"column":5}},"loc":{"start":{"line":53,"column":13},"end":{"line":100,"column":5}},"line":53},"6":{"name":"(anonymous_6)","decl":{"start":{"line":89,"column":44},"end":{"line":89,"column":45}},"loc":{"start":{"line":89,"column":53},"end":{"line":89,"column":58}},"line":89}},"branchMap":{"0":{"loc":{"start":{"line":10,"column":25},"end":{"line":10,"column":89}},"type":"cond-expr","locations":[{"start":{"line":10,"column":50},"end":{"line":10,"column":84}},{"start":{"line":10,"column":87},"end":{"line":10,"column":89}}],"line":10},"1":{"loc":{"start":{"line":11,"column":20},"end":{"line":11,"column":97}},"type":"cond-expr","locations":[{"start":{"line":11,"column":45},"end":{"line":11,"column":93}},{"start":{"line":11,"column":96},"end":{"line":11,"column":97}}],"line":11},"2":{"loc":{"start":{"line":12,"column":18},"end":{"line":12,"column":75}},"type":"cond-expr","locations":[{"start":{"line":12,"column":43},"end":{"line":12,"column":70}},{"start":{"line":12,"column":73},"end":{"line":12,"column":75}}],"line":12},"3":{"loc":{"start":{"line":13,"column":23},"end":{"line":13,"column":99}},"type":"cond-expr","locations":[{"start":{"line":13,"column":48},"end":{"line":13,"column":88}},{"start":{"line":13,"column":91},"end":{"line":13,"column":99}}],"line":13},"4":{"loc":{"start":{"line":23,"column":8},"end":{"line":26,"column":45}},"type":"if","locations":[{"start":{"line":23,"column":8},"end":{"line":26,"column":45}},{"start":{"line":23,"column":8},"end":{"line":26,"column":45}}],"line":23},"5":{"loc":{"start":{"line":24,"column":12},"end":{"line":24,"column":95}},"type":"if","locations":[{"start":{"line":24,"column":12},"end":{"line":24,"column":95}},{"start":{"line":24,"column":12},"end":{"line":24,"column":95}}],"line":24},"6":{"loc":{"start":{"line":24,"column":16},"end":{"line":24,"column":61}},"type":"binary-expr","locations":[{"start":{"line":24,"column":16},"end":{"line":24,"column":22}},{"start":{"line":24,"column":26},"end":{"line":24,"column":61}}],"line":24},"7":{"loc":{"start":{"line":30,"column":8},"end":{"line":30,"column":51}},"type":"if","locations":[{"start":{"line":30,"column":8},"end":{"line":30,"column":51}},{"start":{"line":30,"column":8},"end":{"line":30,"column":51}}],"line":30},"8":{"loc":{"start":{"line":36,"column":8},"end":{"line":45,"column":9}},"type":"if","locations":[{"start":{"line":36,"column":8},"end":{"line":45,"column":9}},{"start":{"line":36,"column":8},"end":{"line":45,"column":9}}],"line":36},"9":{"loc":{"start":{"line":36,"column":12},"end":{"line":36,"column":35}},"type":"binary-expr","locations":[{"start":{"line":36,"column":12},"end":{"line":36,"column":24}},{"start":{"line":36,"column":28},"end":{"line":36,"column":35}}],"line":36},"10":{"loc":{"start":{"line":96,"column":21},"end":{"line":96,"column":66}},"type":"binary-expr","locations":[{"start":{"line":96,"column":21},"end":{"line":96,"column":37}},{"start":{"line":96,"column":41},"end":{"line":96,"column":66}}],"line":96}},"s":{"0":10,"1":10,"2":4,"3":4,"4":2,"5":1,"6":2,"7":1,"8":1,"9":2,"10":2,"11":2,"12":1,"13":1,"14":1,"15":1,"16":17,"17":0},"f":{"0":10,"1":4,"2":1,"3":2,"4":1,"5":17,"6":0},"b":{"0":[2,8],"1":[2,8],"2":[2,8],"3":[2,8],"4":[2,2],"5":[1,1],"6":[2,2],"7":[1,0],"8":[1,1],"9":[2,1],"10":[17,1]},"_coverageSchema":"332fd63041d2c1bcb487cc26dd0d5f7d97098a6c","hash":"1e9d1b6781d6447bf0703a5200608cc653a3a3d3"}
,"C:\\Users\\sukan\\Documents\\Sukanya Projects\\expensify_app\\src\\reducers\\expensesReducers.js": {"path":"C:\\Users\\sukan\\Documents\\Sukanya Projects\\expensify_app\\src\\reducers\\expensesReducers.js","statementMap":{"0":{"start":{"line":3,"column":35},"end":{"line":3,"column":37}},"1":{"start":{"line":4,"column":23},"end":{"line":26,"column":1}},"2":{"start":{"line":5,"column":4},"end":{"line":25,"column":5}},"3":{"start":{"line":7,"column":12},"end":{"line":7,"column":45}},"4":{"start":{"line":11,"column":33},"end":{"line":15,"column":18}},"5":{"start":{"line":12,"column":30},"end":{"line":12,"column":34}},"6":{"start":{"line":13,"column":20},"end":{"line":13,"column":98}},"7":{"start":{"line":13,"column":55},"end":{"line":13,"column":98}},"8":{"start":{"line":14,"column":20},"end":{"line":14,"column":31}},"9":{"start":{"line":16,"column":16},"end":{"line":16,"column":31}},"10":{"start":{"line":20,"column":33},"end":{"line":20,"column":76}},"11":{"start":{"line":20,"column":54},"end":{"line":20,"column":75}},"12":{"start":{"line":21,"column":16},"end":{"line":21,"column":32}},"13":{"start":{"line":24,"column":12},"end":{"line":24,"column":25}}},"fnMap":{"0":{"name":"(anonymous_0)","decl":{"start":{"line":4,"column":23},"end":{"line":4,"column":24}},"loc":{"start":{"line":4,"column":71},"end":{"line":26,"column":1}},"line":4},"1":{"name":"(anonymous_1)","decl":{"start":{"line":11,"column":43},"end":{"line":11,"column":44}},"loc":{"start":{"line":11,"column":51},"end":{"line":15,"column":17}},"line":11},"2":{"name":"(anonymous_2)","decl":{"start":{"line":20,"column":46},"end":{"line":20,"column":47}},"loc":{"start":{"line":20,"column":54},"end":{"line":20,"column":75}},"line":20}},"branchMap":{"0":{"loc":{"start":{"line":4,"column":24},"end":{"line":4,"column":58}},"type":"default-arg","locations":[{"start":{"line":4,"column":32},"end":{"line":4,"column":58}}],"line":4},"1":{"loc":{"start":{"line":5,"column":4},"end":{"line":25,"column":5}},"type":"switch","locations":[{"start":{"line":6,"column":8},"end":{"line":7,"column":45}},{"start":{"line":9,"column":8},"end":{"line":17,"column":13}},{"start":{"line":18,"column":8},"end":{"line":22,"column":13}},{"start":{"line":23,"column":8},"end":{"line":24,"column":25}}],"line":5},"2":{"loc":{"start":{"line":13,"column":20},"end":{"line":13,"column":98}},"type":"if","locations":[{"start":{"line":13,"column":20},"end":{"line":13,"column":98}},{"start":{"line":13,"column":20},"end":{"line":13,"column":98}}],"line":13}},"s":{"0":1,"1":1,"2":6,"3":1,"4":2,"5":10,"6":10,"7":1,"8":10,"9":2,"10":2,"11":10,"12":2,"13":1},"f":{"0":6,"1":10,"2":10},"b":{"0":[2],"1":[1,2,2,1],"2":[1,9]},"_coverageSchema":"332fd63041d2c1bcb487cc26dd0d5f7d97098a6c","hash":"53ee3db1fc08538a833825288fb058acdb7f87d5"}
,"C:\\Users\\sukan\\Documents\\Sukanya Projects\\expensify_app\\src\\reducers\\filtersReducers.js": {"path":"C:\\Users\\sukan\\Documents\\Sukanya Projects\\expensify_app\\src\\reducers\\filtersReducers.js","statementMap":{"0":{"start":{"line":4,"column":34},"end":{"line":9,"column":1}},"1":{"start":{"line":10,"column":22},"end":{"line":25,"column":1}},"2":{"start":{"line":11,"column":4},"end":{"line":24,"column":5}},"3":{"start":{"line":13,"column":12},"end":{"line":13,"column":50}},"4":{"start":{"line":15,"column":12},"end":{"line":15,"column":47}},"5":{"start":{"line":17,"column":12},"end":{"line":17,"column":49}},"6":{"start":{"line":19,"column":12},"end":{"line":19,"column":55}},"7":{"start":{"line":21,"column":12},"end":{"line":21,"column":53}},"8":{"start":{"line":23,"column":12},"end":{"line":23,"column":25}}},"fnMap":{"0":{"name":"(anonymous_0)","decl":{"start":{"line":10,"column":22},"end":{"line":10,"column":23}},"loc":{"start":{"line":10,"column":69},"end":{"line":25,"column":1}},"line":10}},"branchMap":{"0":{"loc":{"start":{"line":10,"column":23},"end":{"line":10,"column":56}},"type":"default-arg","locations":[{"start":{"line":10,"column":31},"end":{"line":10,"column":56}}],"line":10},"1":{"loc":{"start":{"line":11,"column":4},"end":{"line":24,"column":5}},"type":"switch","locations":[{"start":{"line":12,"column":8},"end":{"line":13,"column":50}},{"start":{"line":14,"column":8},"end":{"line":15,"column":47}},{"start":{"line":16,"column":8},"end":{"line":17,"column":49}},{"start":{"line":18,"column":8},"end":{"line":19,"column":55}},{"start":{"line":20,"column":8},"end":{"line":21,"column":53}},{"start":{"line":22,"column":8},"end":{"line":23,"column":25}}],"line":11}},"s":{"0":1,"1":1,"2":6,"3":1,"4":1,"5":1,"6":1,"7":1,"8":1},"f":{"0":6},"b":{"0":[5],"1":[1,1,1,1,1,1]},"_coverageSchema":"332fd63041d2c1bcb487cc26dd0d5f7d97098a6c","hash":"fce2a4866563390aff20c5470dec726455f64c7f"}
,"C:\\Users\\sukan\\Documents\\Sukanya Projects\\expensify_app\\src\\selectors\\expenses.js": {"path":"C:\\Users\\sukan\\Documents\\Sukanya Projects\\expensify_app\\src\\selectors\\expenses.js","statementMap":{"0":{"start":{"line":3,"column":27},"end":{"line":18,"column":1}},"1":{"start":{"line":4,"column":4},"end":{"line":11,"column":6}},"2":{"start":{"line":5,"column":32},"end":{"line":5,"column":57}},"3":{"start":{"line":6,"column":31},"end":{"line":6,"column":98}},"4":{"start":{"line":7,"column":29},"end":{"line":7,"column":91}},"5":{"start":{"line":8,"column":26},"end":{"line":8,"column":88}},"6":{"start":{"line":10,"column":8},"end":{"line":10,"column":59}},"7":{"start":{"line":13,"column":4},"end":{"line":16,"column":6}},"8":{"start":{"line":14,"column":8},"end":{"line":15,"column":45}},"9":{"start":{"line":14,"column":32},"end":{"line":14,"column":58}},"10":{"start":{"line":15,"column":13},"end":{"line":15,"column":45}},"11":{"start":{"line":17,"column":4},"end":{"line":17,"column":19}}},"fnMap":{"0":{"name":"(anonymous_0)","decl":{"start":{"line":3,"column":27},"end":{"line":3,"column":28}},"loc":{"start":{"line":3,"column":79},"end":{"line":18,"column":1}},"line":3},"1":{"name":"(anonymous_1)","decl":{"start":{"line":4,"column":32},"end":{"line":4,"column":33}},"loc":{"start":{"line":4,"column":45},"end":{"line":11,"column":5}},"line":4},"2":{"name":"(anonymous_2)","decl":{"start":{"line":13,"column":18},"end":{"line":13,"column":19}},"loc":{"start":{"line":13,"column":27},"end":{"line":16,"column":5}},"line":13}},"branchMap":{"0":{"loc":{"start":{"line":6,"column":31},"end":{"line":6,"column":98}},"type":"cond-expr","locations":[{"start":{"line":6,"column":43},"end":{"line":6,"column":91}},{"start":{"line":6,"column":94},"end":{"line":6,"column":98}}],"line":6},"1":{"loc":{"start":{"line":7,"column":29},"end":{"line":7,"column":91}},"type":"cond-expr","locations":[{"start":{"line":7,"column":39},"end":{"line":7,"column":84}},{"start":{"line":7,"column":87},"end":{"line":7,"column":91}}],"line":7},"2":{"loc":{"start":{"line":10,"column":15},"end":{"line":10,"column":58}},"type":"binary-expr","locations":[{"start":{"line":10,"column":15},"end":{"line":10,"column":29}},{"start":{"line":10,"column":33},"end":{"line":10,"column":45}},{"start":{"line":10,"column":49},"end":{"line":10,"column":58}}],"line":10},"3":{"loc":{"start":{"line":14,"column":8},"end":{"line":15,"column":45}},"type":"if","locations":[{"start":{"line":14,"column":8},"end":{"line":15,"column":45}},{"start":{"line":14,"column":8},"end":{"line":15,"column":45}}],"line":14}},"s":{"0":3,"1":5,"2":25,"3":25,"4":25,"5":25,"6":25,"7":5,"8":20,"9":8,"10":12,"11":5},"f":{"0":5,"1":25,"2":20},"b":{"0":[5,20],"1":[5,20],"2":[25,23,20],"3":[8,12]},"_coverageSchema":"332fd63041d2c1bcb487cc26dd0d5f7d97098a6c","hash":"0663d987b65be731396dfb2708965b84f69693b5"}
,"C:\\Users\\sukan\\Documents\\Sukanya Projects\\expensify_app\\src\\tests\\setupTests.js": {"path":"C:\\Users\\sukan\\Documents\\Sukanya Projects\\expensify_app\\src\\tests\\setupTests.js","statementMap":{"0":{"start":{"line":4,"column":0},"end":{"line":6,"column":2}},"1":{"start":{"line":8,"column":0},"end":{"line":11,"column":1}}},"fnMap":{},"branchMap":{},"s":{"0":14,"1":14},"f":{},"b":{},"_coverageSchema":"332fd63041d2c1bcb487cc26dd0d5f7d97098a6c","hash":"71d6d17a9657b2abea0b88c2556fba05dab17f1a"}
,"C:\\Users\\sukan\\Documents\\Sukanya Projects\\expensify_app\\src\\tests\\fixtures\\expenses.js": {"path":"C:\\Users\\sukan\\Documents\\Sukanya Projects\\expensify_app\\src\\tests\\fixtures\\expenses.js","statementMap":{},"fnMap":{},"branchMap":{},"s":{},"f":{},"b":{},"_coverageSchema":"332fd63041d2c1bcb487cc26dd0d5f7d97098a6c","hash":"fe1609938f1064f829e11344414531e03f844903"}
,"C:\\Users\\sukan\\Documents\\Sukanya Projects\\expensify_app\\src\\tests\\fixtures\\filters.js": {"path":"C:\\Users\\sukan\\Documents\\Sukanya Projects\\expensify_app\\src\\tests\\fixtures\\filters.js","statementMap":{"0":{"start":{"line":3,"column":16},"end":{"line":8,"column":1}},"1":{"start":{"line":10,"column":19},"end":{"line":15,"column":1}}},"fnMap":{},"branchMap":{},"s":{"0":1,"1":1},"f":{},"b":{},"_coverageSchema":"332fd63041d2c1bcb487cc26dd0d5f7d97098a6c","hash":"6eaffed754a4d90017a82a6206e7619f4feb138b"}
}
