TN:
SF:C:\Users\sukan\Documents\Sukanya Projects\expensify_app\src\actions\expensesActions.js
FN:4,(anonymous_0)
FN:22,(anonymous_1)
FN:29,(anonymous_2)
FNF:3
FNH:3
FNDA:2,(anonymous_0)
FNDA:1,(anonymous_1)
FNDA:1,(anonymous_2)
DA:4,3
DA:11,2
DA:22,3
DA:29,3
LF:4
LH:4
BRDA:5,0,0,1
BRDA:6,1,0,1
BRDA:7,2,0,2
BRDA:8,3,0,1
BRDA:9,4,0,1
BRF:5
BRH:5
end_of_record
TN:
SF:C:\Users\sukan\Documents\Sukanya Projects\expensify_app\src\actions\filtersActions.js
FN:2,(anonymous_0)
FN:7,(anonymous_1)
FN:11,(anonymous_2)
FN:15,(anonymous_3)
FN:20,(anonymous_4)
FNF:5
FNH:5
FNDA:2,(anonymous_0)
FNDA:1,(anonymous_1)
FNDA:1,(anonymous_2)
FNDA:1,(anonymous_3)
FNDA:1,(anonymous_4)
DA:2,3
DA:7,3
DA:11,3
DA:15,3
DA:20,3
LF:5
LH:5
BRDA:2,0,0,1
BRF:1
BRH:1
end_of_record
TN:
SF:C:\Users\sukan\Documents\Sukanya Projects\expensify_app\src\components\AddExpensePage.js
FN:8,(anonymous_0)
FN:12,(anonymous_1)
FN:24,(anonymous_2)
FN:25,(anonymous_3)
FNF:4
FNH:2
FNDA:1,(anonymous_0)
FNDA:2,(anonymous_1)
FNDA:0,(anonymous_2)
FNDA:0,(anonymous_3)
DA:9,1
DA:10,1
DA:13,2
DA:24,1
DA:25,0
LF:5
LH:4
BRF:0
BRH:0
end_of_record
TN:
SF:C:\Users\sukan\Documents\Sukanya Projects\expensify_app\src\components\EditExpensePage.js
FN:8,(anonymous_0)
FN:12,(anonymous_1)
FN:16,(anonymous_2)
FN:32,(anonymous_3)
FN:34,(anonymous_4)
FN:38,(anonymous_5)
FN:39,(anonymous_6)
FN:40,(anonymous_7)
FNF:8
FNH:3
FNDA:1,(anonymous_0)
FNDA:1,(anonymous_1)
FNDA:3,(anonymous_2)
FNDA:0,(anonymous_3)
FNDA:0,(anonymous_4)
FNDA:0,(anonymous_5)
FNDA:0,(anonymous_6)
FNDA:0,(anonymous_7)
DA:9,1
DA:10,1
DA:13,1
DA:14,1
DA:17,3
DA:32,1
DA:33,0
DA:34,0
DA:38,1
DA:39,0
DA:40,0
LF:11
LH:7
BRF:0
BRH:0
end_of_record
TN:
SF:C:\Users\sukan\Documents\Sukanya Projects\expensify_app\src\components\ExpenseDashboardPage.js
FN:6,(anonymous_0)
FNF:1
FNH:1
FNDA:1,(anonymous_0)
DA:6,1
DA:7,1
LF:2
LH:2
BRF:0
BRH:0
end_of_record
TN:
SF:C:\Users\sukan\Documents\Sukanya Projects\expensify_app\src\components\ExpenseList.js
FN:6,(anonymous_0)
FN:10,(anonymous_1)
FN:18,(anonymous_2)
FNF:3
FNH:2
FNDA:2,(anonymous_0)
FNDA:10,(anonymous_1)
FNDA:0,(anonymous_2)
DA:6,2
DA:7,2
DA:11,10
DA:18,2
DA:19,0
LF:5
LH:4
BRDA:10,0,0,0
BRDA:10,0,1,2
BRF:2
BRH:1
end_of_record
TN:
SF:C:\Users\sukan\Documents\Sukanya Projects\expensify_app\src\components\ExpenseListFilter.js
FN:7,(anonymous_0)
FN:9,(anonymous_1)
FN:13,(anonymous_2)
FN:16,(anonymous_3)
FN:34,(anonymous_4)
FN:35,(anonymous_5)
FN:45,(anonymous_6)
FN:51,(anonymous_7)
FN:53,(anonymous_8)
FN:54,(anonymous_9)
FN:55,(anonymous_10)
FN:56,(anonymous_11)
FN:57,(anonymous_12)
FNF:13
FNH:6
FNDA:10,(anonymous_0)
FNDA:1,(anonymous_1)
FNDA:2,(anonymous_2)
FNDA:1,(anonymous_3)
FNDA:1,(anonymous_4)
FNDA:1,(anonymous_5)
FNDA:0,(anonymous_6)
FNDA:0,(anonymous_7)
FNDA:0,(anonymous_8)
FNDA:0,(anonymous_9)
FNDA:0,(anonymous_10)
FNDA:0,(anonymous_11)
FNDA:0,(anonymous_12)
DA:7,2
DA:8,10
DA:9,10
DA:10,1
DA:13,10
DA:14,2
DA:16,10
DA:17,1
DA:18,1
DA:20,10
DA:34,1
DA:35,1
DA:45,2
DA:46,0
DA:51,2
DA:52,0
DA:53,0
DA:54,0
DA:55,0
DA:56,0
DA:57,0
LF:21
LH:14
BRDA:14,0,0,1
BRDA:14,0,1,1
BRF:2
BRH:2
end_of_record
TN:
SF:C:\Users\sukan\Documents\Sukanya Projects\expensify_app\src\components\ExpenseListItem.js
FN:4,(anonymous_0)
FNF:1
FNH:1
FNDA:1,(anonymous_0)
DA:4,3
DA:5,1
DA:7,1
LF:3
LH:3
BRF:0
BRH:0
end_of_record
TN:
SF:C:\Users\sukan\Documents\Sukanya Projects\expensify_app\src\components\Header.js
FN:5,(anonymous_0)
FNF:1
FNH:1
FNDA:1,(anonymous_0)
DA:5,1
DA:6,1
LF:2
LH:2
BRF:0
BRH:0
end_of_record
TN:
SF:C:\Users\sukan\Documents\Sukanya Projects\expensify_app\src\components\NotFound.js
FN:4,(anonymous_0)
FNF:1
FNH:1
FNDA:1,(anonymous_0)
DA:4,1
DA:5,1
LF:2
LH:2
BRF:0
BRH:0
end_of_record
TN:
SF:C:\Users\sukan\Documents\Sukanya Projects\expensify_app\src\components\expenseForm.js
FN:7,(anonymous_0)
FN:21,(anonymous_1)
FN:29,(anonymous_2)
FN:33,(anonymous_3)
FN:48,(anonymous_4)
FN:53,(anonymous_5)
FN:89,(anonymous_6)
FNF:7
FNH:6
FNDA:10,(anonymous_0)
FNDA:4,(anonymous_1)
FNDA:1,(anonymous_2)
FNDA:2,(anonymous_3)
FNDA:1,(anonymous_4)
FNDA:17,(anonymous_5)
FNDA:0,(anonymous_6)
DA:8,10
DA:9,10
DA:22,4
DA:23,4
DA:24,2
DA:26,2
DA:30,1
DA:34,2
DA:35,2
DA:36,2
DA:38,1
DA:39,1
DA:49,1
DA:55,17
DA:89,0
LF:15
LH:14
BRDA:10,0,0,2
BRDA:10,0,1,8
BRDA:11,1,0,2
BRDA:11,1,1,8
BRDA:12,2,0,2
BRDA:12,2,1,8
BRDA:13,3,0,2
BRDA:13,3,1,8
BRDA:23,4,0,2
BRDA:23,4,1,2
BRDA:24,5,0,1
BRDA:24,5,1,1
BRDA:24,6,0,2
BRDA:24,6,1,2
BRDA:30,7,0,1
BRDA:30,7,1,0
BRDA:36,8,0,1
BRDA:36,8,1,1
BRDA:36,9,0,2
BRDA:36,9,1,1
BRDA:96,10,0,17
BRDA:96,10,1,1
BRF:22
BRH:21
end_of_record
TN:
SF:C:\Users\sukan\Documents\Sukanya Projects\expensify_app\src\reducers\expensesReducers.js
FN:4,(anonymous_0)
FN:11,(anonymous_1)
FN:20,(anonymous_2)
FNF:3
FNH:3
FNDA:6,(anonymous_0)
FNDA:10,(anonymous_1)
FNDA:10,(anonymous_2)
DA:3,1
DA:4,1
DA:5,6
DA:7,1
DA:11,2
DA:12,10
DA:13,10
DA:14,10
DA:16,2
DA:20,10
DA:21,2
DA:24,1
LF:12
LH:12
BRDA:4,0,0,2
BRDA:5,1,0,1
BRDA:5,1,1,2
BRDA:5,1,2,2
BRDA:5,1,3,1
BRDA:13,2,0,1
BRDA:13,2,1,9
BRF:7
BRH:7
end_of_record
TN:
SF:C:\Users\sukan\Documents\Sukanya Projects\expensify_app\src\reducers\filtersReducers.js
FN:10,(anonymous_0)
FNF:1
FNH:1
FNDA:6,(anonymous_0)
DA:4,1
DA:10,1
DA:11,6
DA:13,1
DA:15,1
DA:17,1
DA:19,1
DA:21,1
DA:23,1
LF:9
LH:9
BRDA:10,0,0,5
BRDA:11,1,0,1
BRDA:11,1,1,1
BRDA:11,1,2,1
BRDA:11,1,3,1
BRDA:11,1,4,1
BRDA:11,1,5,1
BRF:7
BRH:7
end_of_record
TN:
SF:C:\Users\sukan\Documents\Sukanya Projects\expensify_app\src\selectors\expenses.js
FN:3,(anonymous_0)
FN:4,(anonymous_1)
FN:13,(anonymous_2)
FNF:3
FNH:3
FNDA:5,(anonymous_0)
FNDA:25,(anonymous_1)
FNDA:20,(anonymous_2)
DA:3,3
DA:4,5
DA:5,25
DA:6,25
DA:7,25
DA:8,25
DA:10,25
DA:13,5
DA:14,20
DA:15,12
DA:17,5
LF:11
LH:11
BRDA:6,0,0,5
BRDA:6,0,1,20
BRDA:7,1,0,5
BRDA:7,1,1,20
BRDA:10,2,0,25
BRDA:10,2,1,23
BRDA:10,2,2,20
BRDA:14,3,0,8
BRDA:14,3,1,12
BRF:9
BRH:9
end_of_record
TN:
SF:C:\Users\sukan\Documents\Sukanya Projects\expensify_app\src\tests\setupTests.js
FNF:0
FNH:0
DA:4,14
DA:8,14
LF:2
LH:2
BRF:0
BRH:0
end_of_record
TN:
SF:C:\Users\sukan\Documents\Sukanya Projects\expensify_app\src\tests\fixtures\expenses.js
FNF:0
FNH:0
LF:0
LH:0
BRF:0
BRH:0
end_of_record
TN:
SF:C:\Users\sukan\Documents\Sukanya Projects\expensify_app\src\tests\fixtures\filters.js
FNF:0
FNH:0
DA:3,1
DA:10,1
LF:2
LH:2
BRF:0
BRH:0
end_of_record
